<?xml version="1.0" encoding="UTF-8"?>
<!-- Generated by org.testng.reporters.JUnitReportReporter -->
<testsuite hostname="DESKTOP-074IOKA" failures="0" tests="2" name="SeleniumWebDriverDemo.selenium.ParameterPassingXmlFile" time="12.230" errors="0" timestamp="2021-02-22T09:49:59 IST" skipped="0">
  <testcase classname="SeleniumWebDriverDemo.selenium.ParameterPassingXmlFile" name="loginPage" time="2.768"/>
  <system-out/>
  <testcase classname="SeleniumWebDriverDemo.selenium.ParameterPassingXmlFile" name="launchUrl" time="9.462"/>
  <system-out/>
</testsuite> <!-- SeleniumWebDriverDemo.selenium.ParameterPassingXmlFile -->
